# JRE version: OpenJDK Runtime Environment (11.0.13) (build 11.0.13+0-b1751.21-8125866)
# Java VM: OpenJDK 64-Bit Server VM (11.0.13+0-b1751.21-8125866, mixed mode, tiered, compressed oops, g1 gc, windows-amd64)
Heap:
 garbage-first heap   total 262144K, used 44981K [0x0000000080000000, 0x0000000100000000)
  region size 1024K, 32 young (32768K), 7 survivors (7168K)
 Metaspace       used 34516K, capacity 35225K, committed 35376K, reserved 1081344K
  class space    used 4438K, capacity 4718K, committed 4736K, reserved 1048576K
GC Heap History (10 events):
Event: 0.503 GC heap before
{Heap before GC invocations=0 (full 0):
 garbage-first heap   total 262144K, used 27648K [0x0000000080000000, 0x0000000100000000)
  region size 1024K, 22 young (22528K), 0 survivors (0K)
 Metaspace       used 9931K, capacity 10228K, committed 10368K, reserved 1058816K
  class space    used 998K, capacity 1073K, committed 1152K, reserved 1048576K
}
Event: 0.521 GC heap after
{Heap after GC invocations=1 (full 0):
 garbage-first heap   total 262144K, used 9087K [0x0000000080000000, 0x0000000100000000)
  region size 1024K, 3 young (3072K), 3 survivors (3072K)
 Metaspace       used 9931K, capacity 10228K, committed 10368K, reserved 1058816K
  class space    used 998K, capacity 1073K, committed 1152K, reserved 1048576K
}
Event: 0.717 GC heap before
{Heap before GC invocations=1 (full 0):
 garbage-first heap   total 262144K, used 26495K [0x0000000080000000, 0x0000000100000000)
  region size 1024K, 20 young (20480K), 3 survivors (3072K)
 Metaspace       used 11159K, capacity 11444K, committed 11520K, reserved 1058816K
  class space    used 1152K, capacity 1244K, committed 1280K, reserved 1048576K
}
Event: 0.718 GC heap after
{Heap after GC invocations=2 (full 0):
 garbage-first heap   total 262144K, used 9841K [0x0000000080000000, 0x0000000100000000)
  region size 1024K, 1 young (1024K), 1 survivors (1024K)
 Metaspace       used 11159K, capacity 11444K, committed 11520K, reserved 1058816K
  class space    used 1152K, capacity 1244K, committed 1280K, reserved 1048576K
}
Event: 1.342 GC heap before
{Heap before GC invocations=2 (full 0):
 garbage-first heap   total 262144K, used 58993K [0x0000000080000000, 0x0000000100000000)
  region size 1024K, 49 young (50176K), 1 survivors (1024K)
 Metaspace       used 16017K, capacity 16449K, committed 16640K, reserved 1064960K
  class space    used 1807K, capacity 1935K, committed 2048K, reserved 1048576K
}
Event: 1.346 GC heap after
{Heap after GC invocations=3 (full 0):
 garbage-first heap   total 262144K, used 15659K [0x0000000080000000, 0x0000000100000000)
  region size 1024K, 7 young (7168K), 7 survivors (7168K)
 Metaspace       used 16017K, capacity 16449K, committed 16640K, reserved 1064960K
  class space    used 1807K, capacity 1935K, committed 2048K, reserved 1048576K
}
Event: 1.891 GC heap before
{Heap before GC invocations=3 (full 0):
 garbage-first heap   total 262144K, used 55595K [0x0000000080000000, 0x0000000100000000)
  region size 1024K, 47 young (48128K), 7 survivors (7168K)
 Metaspace       used 20730K, capacity 21187K, committed 21296K, reserved 1069056K
  class space    used 2524K, capacity 2686K, committed 2688K, reserved 1048576K
}
Event: 1.897 GC heap after
{Heap after GC invocations=4 (full 0):
 garbage-first heap   total 262144K, used 17195K [0x0000000080000000, 0x0000000100000000)
  region size 1024K, 2 young (2048K), 2 survivors (2048K)
 Metaspace       used 20730K, capacity 21187K, committed 21296K, reserved 1069056K
  class space    used 2524K, capacity 2686K, committed 2688K, reserved 1048576K
}
Event: 2.569 GC heap before
{Heap before GC invocations=5 (full 0):
 garbage-first heap   total 262144K, used 106283K [0x0000000080000000, 0x0000000100000000)
  region size 1024K, 89 young (91136K), 2 survivors (2048K)
 Metaspace       used 29298K, capacity 30056K, committed 30256K, reserved 1075200K
  class space    used 3861K, capacity 4144K, committed 4224K, reserved 1048576K
}
Event: 2.573 GC heap after
{Heap after GC invocations=6 (full 0):
 garbage-first heap   total 262144K, used 19891K [0x0000000080000000, 0x0000000100000000)
  region size 1024K, 5 young (5120K), 5 survivors (5120K)
 Metaspace       used 29298K, capacity 30056K, committed 30256K, reserved 1075200K
  class space    used 3861K, capacity 4144K, committed 4224K, reserved 1048576K
}

